<?xml version="1.0" encoding="UTF-8"?>
<testng-results skipped="0" failed="0" ignored="0" total="1" passed="1">
  <reporter-output>
  </reporter-output>
  <suite name="Default suite" duration-ms="62821" started-at="2021-02-20T16:04:09Z" finished-at="2021-02-20T16:05:12Z">
    <groups>
    </groups>
    <test name="Default test" duration-ms="62821" started-at="2021-02-20T16:04:09Z" finished-at="2021-02-20T16:05:12Z">
      <class name="RavinderPOM.RavinderPOM.ClaimTest">
        <test-method status="PASS" signature="test()[pri:0, instance:RavinderPOM.RavinderPOM.ClaimTest@59402b8f]" name="test" duration-ms="62774" started-at="2021-02-20T16:04:09Z" finished-at="2021-02-20T16:05:12Z">
          <reporter-output>
          </reporter-output>
        </test-method> <!-- test -->
      </class> <!-- RavinderPOM.RavinderPOM.ClaimTest -->
    </test> <!-- Default test -->
  </suite> <!-- Default suite -->
</testng-results>
